{ "symbol": "MDXG", "hparams": {"target": -0.0072082760743796825, "params": {"adam_learning_rate": 0.030211058716021515, "lstm_dropout": 0.11286238684949389, "lstm_units": 72.7382963157535}} }
{ "symbol": "MEDP", "hparams": {"target": -0.004349360708147287, "params": {"adam_learning_rate": 0.09173786112275183, "lstm_dropout": 0.1716791611017815, "lstm_units": 38.88177442350266}} }
{ "symbol": "MMM", "hparams": {"target": -0.004881164059042931, "params": {"adam_learning_rate": 0.009180150439899771, "lstm_dropout": 0.13755601741184287, "lstm_units": 206.06664154042144}} }
{ "symbol": "META", "hparams": {"target": -0.007060463540256023, "params": {"adam_learning_rate": 0.09098150314459799, "lstm_dropout": 0.11355066712057452, "lstm_units": 209.4261042859853}} }
{ "symbol": "MO", "hparams": {"target": -0.0047293915413320065, "params": {"adam_learning_rate": 0.06375484770658327, "lstm_dropout": 0.10648251631053451, "lstm_units": 74.11901412370634}} }
{ "symbol": "MOMO", "hparams": {"target": -0.004283283371478319, "params": {"adam_learning_rate": 0.0313435574704163, "lstm_dropout": 0.10350072648890359, "lstm_units": 48.06999407563743}} }
{ "symbol": "MRK", "hparams": {"target": -0.003923438955098391, "params": {"adam_learning_rate": 0.06947161277681659, "lstm_dropout": 0.13719691870083334, "lstm_units": 85.0287644101947}} }
{ "symbol": "MSFT", "hparams": {"target": -0.009289979003369808, "params": {"adam_learning_rate": 0.022710968823907062, "lstm_dropout": 0.10052327981003875, "lstm_units": 214.1460013614181}} }
{ "symbol": "MRVL", "hparams": {"target": -0.005052799358963966, "params": {"adam_learning_rate": 0.006294367545138105, "lstm_dropout": 0.12034256949147087, "lstm_units": 181.76517101541663}} }
{ "symbol": "NBIX", "hparams": {"target": -0.004060246981680393, "params": {"adam_learning_rate": 0.04182428841221562, "lstm_dropout": 0.13967906515053508, "lstm_units": 72.29389129764951}} }
{ "symbol": "MTCH", "hparams": {"target": -0.007824224419891834, "params": {"adam_learning_rate": 0.07109918520180851, "lstm_dropout": 0.10823379771832098, "lstm_units": 249.25980688428672}} }
{ "symbol": "NEE", "hparams": {"target": -0.006560187321156263, "params": {"adam_learning_rate": 0.04257384675759738, "lstm_dropout": 0.1191902806545988, "lstm_units": 66.42977054535393}} }
{ "symbol": "NEOG", "hparams": {"target": -0.008504735305905342, "params": {"adam_learning_rate": 0.04106644625009339, "lstm_dropout": 0.10003916027805643, "lstm_units": 100.06929443369232}} }
{ "symbol": "NEO", "hparams": {"target": -0.004404203966259956, "params": {"adam_learning_rate": 0.01480989220455214, "lstm_dropout": 0.21685785941408728, "lstm_units": 114.06505289778694}} }
{ "symbol": "NFLX", "hparams": {"target": -0.008371487259864807, "params": {"adam_learning_rate": 0.0025672310288562977, "lstm_dropout": 0.12676922500931684, "lstm_units": 68.19369193659855}} }
{ "symbol": "NKE", "hparams": {"target": -0.00697689363732934, "params": {"adam_learning_rate": 0.01253301842834876, "lstm_dropout": 0.11935269257383037, "lstm_units": 169.29490471797968}} }
{ "symbol": "NNDM", "hparams": {"target": -0.0014974850928410888, "params": {"adam_learning_rate": 0.010740751517371663, "lstm_dropout": 0.11332351000934256, "lstm_units": 156.16358487709147}} }
{ "symbol": "NVCR", "hparams": {"target": -0.003038526512682438, "params": {"adam_learning_rate": 0.002769758641717255, "lstm_dropout": 0.10556009137543088, "lstm_units": 72.56957101846285}} }
{ "symbol": "NVDA", "hparams": {"target": -0.00473416643217206, "params": {"adam_learning_rate": 0.032855357983318574, "lstm_dropout": 0.10818690619742283, "lstm_units": 137.03398122395726}} }
{ "symbol": "NOC", "hparams": {"target": -0.006766629405319691, "params": {"adam_learning_rate": 0.06822863811204848, "lstm_dropout": 0.11971223433697747, "lstm_units": 67.39509178211912}} }
{ "symbol": "PACB", "hparams": {"target": -0.003783042076975107, "params": {"adam_learning_rate": 0.01480989220455214, "lstm_dropout": 0.21685785941408728, "lstm_units": 114.06505289778694}} }
{ "symbol": "NOW", "hparams": {"target": -0.006692062132060528, "params": {"adam_learning_rate": 0.012087858064482745, "lstm_dropout": 0.11473580872695638, "lstm_units": 213.90850804637114}} }
{ "symbol": "OPK", "hparams": {"target": -0.003787892870604992, "params": {"adam_learning_rate": 0.01915704647548995, "lstm_dropout": 0.2216968971838151, "lstm_units": 149.54544068562126}} }
{ "symbol": "ORCL", "hparams": {"target": -0.0028645331040024757, "params": {"adam_learning_rate": 0.06026718993550663, "lstm_dropout": 0.1624074561769746, "lstm_units": 66.94277255530939}} }
{ "symbol": "PEP", "hparams": {"target": -0.006978446617722511, "params": {"adam_learning_rate": 0.08341182143924175, "lstm_dropout": 0.18493564427131048, "lstm_units": 72.72879265439053}} }
{ "symbol": "PFE", "hparams": {"target": -0.005170339718461037, "params": {"adam_learning_rate": 0.06307672253707322, "lstm_dropout": 0.1380793553192335, "lstm_units": 108.66125265773769}} }
{ "symbol": "PG", "hparams": {"target": -0.005131516605615616, "params": {"adam_learning_rate": 0.011380003043038628, "lstm_dropout": 0.12087653195315036, "lstm_units": 90.56586427161184}} }
{ "symbol": "PLD", "hparams": {"target": -0.00551722152158618, "params": {"adam_learning_rate": 0.06026718993550663, "lstm_dropout": 0.1624074561769746, "lstm_units": 66.94277255530939}} }
{ "symbol": "PSA", "hparams": {"target": -0.005957672838121653, "params": {"adam_learning_rate": 0.015122432570906695, "lstm_dropout": 0.11532613250121103, "lstm_units": 42.61181984959928}} }
{ "symbol": "PNC", "hparams": {"target": -0.007549238856881857, "params": {"adam_learning_rate": 0.026563870335160635, "lstm_dropout": 0.14854301154270494, "lstm_units": 114.94920040789404}} }
{ "symbol": "PYPL", "hparams": {"target": -0.004513813182711601, "params": {"adam_learning_rate": 0.015850014456397776, "lstm_dropout": 0.10332082033129204, "lstm_units": 149.2456669325245}} }
{ "symbol": "PTCT", "hparams": {"target": -0.005295895971357822, "params": {"adam_learning_rate": 0.03429672467890881, "lstm_dropout": 0.12325099207447576, "lstm_units": 228.78719048556377}} }
{ "symbol": "QCOM", "hparams": {"target": -0.006593636237084866, "params": {"adam_learning_rate": 0.051248998171201675, "lstm_dropout": 0.12536357125007003, "lstm_units": 60.68561147203218}} }
{ "symbol": "QLYS", "hparams": {"target": -0.006058508530259132, "params": {"adam_learning_rate": 0.004353346556161522, "lstm_dropout": 0.13961604176542464, "lstm_units": 172.69925062769107}} }
{ "symbol": "QURE", "hparams": {"target": -0.003456172998994589, "params": {"adam_learning_rate": 0.07806249619444743, "lstm_dropout": 0.11578140258915748, "lstm_units": 97.42890223039299}} }
{ "symbol": "RTX", "hparams": {"target": -0.006818737834692001, "params": {"adam_learning_rate": 0.06162339171999646, "lstm_dropout": 0.12460576456498802, "lstm_units": 127.17012556193782}} }
{ "symbol": "SBUX", "hparams": {"target": -0.008653802797198296, "params": {"adam_learning_rate": 0.08243465453364132, "lstm_dropout": 0.1408484584500836, "lstm_units": 72.78259342327863}} }
{ "symbol": "SCHW", "hparams": {"target": -0.006082776002585888, "params": {"adam_learning_rate": 0.03264139618811995, "lstm_dropout": 0.11121710996980064, "lstm_units": 117.68477154819945}} }
{ "symbol": "SEDG", "hparams": {"target": -0.006546310614794493, "params": {"adam_learning_rate": 0.04063728601897562, "lstm_dropout": 0.13861843628507164, "lstm_units": 72.80813536289673}} }
{ "symbol": "SMCI", "hparams": {"target": -0.0019228041637688875, "params": {"adam_learning_rate": 0.01915704647548995, "lstm_dropout": 0.2216968971838151, "lstm_units": 149.54544068562126}} }
{ "symbol": "SRCL", "hparams": {"target": -0.006328674498945475, "params": {"adam_learning_rate": 0.051953316983407834, "lstm_dropout": 0.10004485587881612, "lstm_units": 101.9264643009553}} }
{ "symbol": "SPGI", "hparams": {"target": -0.006537250243127346, "params": {"adam_learning_rate": 0.0027515003889936832, "lstm_dropout": 0.12883962766007198, "lstm_units": 66.96751947077766}} }
{ "symbol": "SO", "hparams": {"target": -0.00902970228344202, "params": {"adam_learning_rate": 0.01915704647548995, "lstm_dropout": 0.2216968971838151, "lstm_units": 149.54544068562126}} }
{ "symbol": "SRPT", "hparams": {"target": -0.006914005149155855, "params": {"adam_learning_rate": 0.021648893162329434, "lstm_dropout": 0.11598259324964394, "lstm_units": 202.54618119700245}} }
{ "symbol": "SYK", "hparams": {"target": -0.006877529434859753, "params": {"adam_learning_rate": 0.06635026321851334, "lstm_dropout": 0.10295168469763089, "lstm_units": 72.97154271473318}} }
{ "symbol": "SYNA", "hparams": {"target": -0.005771090742200613, "params": {"adam_learning_rate": 0.024282502616905944, "lstm_dropout": 0.14211840866436254, "lstm_units": 88.16222107753032}} }
{ "symbol": "TEVA", "hparams": {"target": -0.0030649877153337, "params": {"adam_learning_rate": 0.019577046705546816, "lstm_dropout": 0.21662922665541326, "lstm_units": 66.92562723780999}} }
{ "symbol": "T", "hparams": {"target": -0.003442363813519478, "params": {"adam_learning_rate": 0.025561420760778726, "lstm_dropout": 0.12415708504303682, "lstm_units": 89.29644668223214}} }
{ "symbol": "SYY", "hparams": {"target": -0.006635383702814579, "params": {"adam_learning_rate": 0.04795860198827035, "lstm_dropout": 0.10781695765524467, "lstm_units": 32.04847287690038}} }
{ "symbol": "TMO", "hparams": {"target": -0.009608198888599873, "params": {"adam_learning_rate": 0.021765803294837863, "lstm_dropout": 0.11975652704600113, "lstm_units": 142.04453443739828}} }
{ "symbol": "TRV", "hparams": {"target": -0.005559681449085474, "params": {"adam_learning_rate": 0.009401586366401104, "lstm_dropout": 0.12650377813721556, "lstm_units": 155.72371788225144}} }
{ "symbol": "UCTT", "hparams": {"target": -0.0055743553675711155, "params": {"adam_learning_rate": 0.033988651185215234, "lstm_dropout": 0.10433006378622577, "lstm_units": 90.8771446734375}} }
{ "symbol": "TRMB", "hparams": {"target": -0.006180106196552515, "params": {"adam_learning_rate": 0.0747264688595532, "lstm_dropout": 0.10229992331998089, "lstm_units": 70.45136478897636}} }
{ "symbol": "TXN", "hparams": {"target": -0.00935673899948597, "params": {"adam_learning_rate": 0.011529939115875992, "lstm_dropout": 0.11447091536078702, "lstm_units": 67.68870684340467}} }
{ "symbol": "TSLA", "hparams": {"target": -0.005137851927429438, "params": {"adam_learning_rate": 0.01954718467058516, "lstm_dropout": 0.1403504796059973, "lstm_units": 91.0429199104059}} }
{ "symbol": "UNH", "hparams": {"target": -0.006166812032461166, "params": {"adam_learning_rate": 0.026655533641879052, "lstm_dropout": 0.10720873797407866, "lstm_units": 112.76819368051086}} }
{ "symbol": "V", "hparams": {"target": -0.00776045024394989, "params": {"adam_learning_rate": 0.029478014421487432, "lstm_dropout": 0.13028043855008942, "lstm_units": 87.66864830311783}} }
{ "symbol": "UPS", "hparams": {"target": -0.005633730906993151, "params": {"adam_learning_rate": 0.001784939087347499, "lstm_dropout": 0.12079302343697403, "lstm_units": 141.5973773738988}} }
{ "symbol": "USB", "hparams": {"target": -0.00803770124912262, "params": {"adam_learning_rate": 0.01915704647548995, "lstm_dropout": 0.2216968971838151, "lstm_units": 149.54544068562126}} }
{ "symbol": "VRTX", "hparams": {"target": -0.007766316179186106, "params": {"adam_learning_rate": 0.011335679095370775, "lstm_dropout": 0.15883885562871072, "lstm_units": 150.87290561181078}} }
{ "symbol": "VRSN", "hparams": {"target": -0.008086875081062317, "params": {"adam_learning_rate": 0.02970654206330485, "lstm_dropout": 0.1260505261199425, "lstm_units": 66.00347744660692}} }
{ "symbol": "WMT", "hparams": {"target": -0.004438002593815327, "params": {"adam_learning_rate": 0.022533559077065744, "lstm_dropout": 0.1284682687024691, "lstm_units": 73.72317881297867}} }
{ "symbol": "VZ", "hparams": {"target": -0.005620751064270735, "params": {"adam_learning_rate": 0.06026718993550663, "lstm_dropout": 0.1624074561769746, "lstm_units": 66.94277255530939}} }
{ "symbol": "VSH", "hparams": {"target": -0.005568051710724831, "params": {"adam_learning_rate": 0.0953169835967794, "lstm_dropout": 0.1188822744924793, "lstm_units": 67.15746037072492}} }
{ "symbol": "WM", "hparams": {"target": -0.007466678507626057, "params": {"adam_learning_rate": 0.06026718993550663, "lstm_dropout": 0.1624074561769746, "lstm_units": 66.94277255530939}} }
{ "symbol": "WOLF", "hparams": {"target": -0.005353204905986786, "params": {"adam_learning_rate": 0.06026718993550663, "lstm_dropout": 0.1624074561769746, "lstm_units": 66.94277255530939}} }
{ "symbol": "XAF=F", "hparams": {"target": -0.010254395194351673, "params": {"adam_learning_rate": 0.03361945444571894, "lstm_dropout": 0.12920984427343707, "lstm_units": 66.96995775310492}} }
{ "symbol": "XAI=F", "hparams": {"target": -0.006959111429750919, "params": {"adam_learning_rate": 0.01480989220455214, "lstm_dropout": 0.21685785941408728, "lstm_units": 114.06505289778694}} }
{ "symbol": "XAB=F", "hparams": {"target": -0.011779547668993473, "params": {"adam_learning_rate": 0.0027515003889936832, "lstm_dropout": 0.12883962766007198, "lstm_units": 66.96751947077766}} }
{ "symbol": "XAE=F", "hparams": {"target": -0.009404495358467102, "params": {"adam_learning_rate": 0.06026718993550663, "lstm_dropout": 0.1624074561769746, "lstm_units": 66.94277255530939}} }
{ "symbol": "XAK=F", "hparams": {"target": -0.008242100477218628, "params": {"adam_learning_rate": 0.0534082071127674, "lstm_dropout": 0.2022402844459065, "lstm_units": 32.00107040845255}} }
{ "symbol": "XNCR", "hparams": {"target": -0.002733095083385706, "params": {"adam_learning_rate": 0.06409034768348751, "lstm_dropout": 0.14262993199859705, "lstm_units": 66.77677725245744}} }
{ "symbol": "XAU=F", "hparams": {"target": -0.008625774644315243, "params": {"adam_learning_rate": 0.0027515003889936832, "lstm_dropout": 0.12883962766007198, "lstm_units": 66.96751947077766}} }
{ "symbol": "XOM", "hparams": {"target": -0.009723368100821972, "params": {"adam_learning_rate": 0.03230951933396444, "lstm_dropout": 0.1386629715428661, "lstm_units": 116.44693382835692}} }
{ "symbol": "YY", "hparams": {"target": -0.0026347788516432047, "params": {"adam_learning_rate": 0.0087005854084106, "lstm_dropout": 0.10986435528322885, "lstm_units": 109.34941727555173}} }
{ "symbol": "ZM", "hparams": {"target": -0.002658325945958495, "params": {"adam_learning_rate": 0.009303117740063711, "lstm_dropout": 0.10606476310212619, "lstm_units": 83.72327631180531}} }
{ "symbol": "^DJI", "hparams": {"target": -0.009132388047873974, "params": {"adam_learning_rate": 0.06026718993550663, "lstm_dropout": 0.1624074561769746, "lstm_units": 66.94277255530939}} }
{ "symbol": "^GSPC", "hparams": {"target": -0.007946143858134747, "params": {"adam_learning_rate": 0.06026718993550663, "lstm_dropout": 0.1624074561769746, "lstm_units": 66.94277255530939}} }
{ "symbol": "^NYA", "hparams": {"target": -0.009562411345541477, "params": {"adam_learning_rate": 0.04184924499447745, "lstm_dropout": 0.10840164655983463, "lstm_units": 73.17969260230474}} }
{ "symbol": "^IXIC", "hparams": {"target": -0.00782021414488554, "params": {"adam_learning_rate": 0.0014631896376122151, "lstm_dropout": 0.11859478928558534, "lstm_units": 37.77840541828871}} }
{ "symbol": "^N225", "hparams": {"target": -0.0031048960518091917, "params": {"adam_learning_rate": 0.027552818476664413, "lstm_dropout": 0.2021150465619771, "lstm_units": 145.00346151426442}} }
{ "symbol": "^XAX", "hparams": {"target": -0.007602623663842678, "params": {"adam_learning_rate": 0.059868460073159956, "lstm_dropout": 0.1267448068328461, "lstm_units": 54.59310207595903}} }
