{ "symbol": "AAPL", "hparams": {"target": -0.009153460152447224, "params": {"adam_learning_rate": 0.04102331211042074, "lstm_dropout": 0.12406908342770602, "lstm_units": 149.52777221417267}} }
{ "symbol": "ADM", "hparams": {"target": -0.005368978716433048, "params": {"adam_learning_rate": 0.030775042965745267, "lstm_dropout": 0.17055571763902827, "lstm_units": 66.05915810442823}} }
{ "symbol": "ADBE", "hparams": {"target": -0.005665851291269064, "params": {"adam_learning_rate": 0.08000399669740714, "lstm_dropout": 0.11111107371662571, "lstm_units": 37.2295060127614}} }
{ "symbol": "ADP", "hparams": {"target": -0.006149228196591139, "params": {"adam_learning_rate": 0.016896809336520893, "lstm_dropout": 0.10766656882671302, "lstm_units": 113.83741687089773}} }
{ "symbol": "ACN", "hparams": {"target": -0.006594035774469376, "params": {"adam_learning_rate": 0.023532631500909763, "lstm_dropout": 0.13032746866017828, "lstm_units": 68.29337349716437}} }
{ "symbol": "AIG", "hparams": {"target": -0.007239222526550293, "params": {"adam_learning_rate": 0.015687877295810112, "lstm_dropout": 0.10585634587026518, "lstm_units": 120.63282231991718}} }
{ "symbol": "000001.SS", "hparams": {"target": -0.0038224330637604, "params": {"adam_learning_rate": 0.08201495349753249, "lstm_dropout": 0.14598724085479084, "lstm_units": 48.249742422326676}} }
{ "symbol": "ACAD", "hparams": {"target": -0.00477950181812048, "params": {"adam_learning_rate": 0.08341182143924175, "lstm_dropout": 0.18493564427131048, "lstm_units": 72.72879265439053}} }
{ "symbol": "ABT", "hparams": {"target": -0.008734787814319134, "params": {"adam_learning_rate": 0.05829994540362495, "lstm_dropout": 0.1187296531368757, "lstm_units": 91.11530812001762}} }
{ "symbol": "AAOI", "hparams": {"target": -0.0019184986595064402, "params": {"adam_learning_rate": 0.010024110402557459, "lstm_dropout": 0.10558523993495937, "lstm_units": 206.3591935543628}} }
{ "symbol": "ALKS", "hparams": {"target": -0.007822658866643906, "params": {"adam_learning_rate": 0.06676849455022421, "lstm_dropout": 0.11197591320006378, "lstm_units": 116.44034742795859}} }
{ "symbol": "ALL", "hparams": {"target": -0.0047027128748595715, "params": {"adam_learning_rate": 0.03106033507747503, "lstm_dropout": 0.12060067925304777, "lstm_units": 67.7658895365825}} }
{ "symbol": "AMZN", "hparams": {"target": -0.009411604143679142, "params": {"adam_learning_rate": 0.09642556789600312, "lstm_dropout": 0.10132143093747947, "lstm_units": 73.60728415261926}} }
{ "symbol": "AMGN", "hparams": {"target": -0.004715252667665482, "params": {"adam_learning_rate": 0.03429672467890881, "lstm_dropout": 0.12325099207447576, "lstm_units": 228.78719048556377}} }
{ "symbol": "ALGM", "hparams": {"target": -0.006301044020801783, "params": {"adam_learning_rate": 0.020409522113144084, "lstm_dropout": 0.12313385271202866, "lstm_units": 144.67178707801114}} }
{ "symbol": "AMX", "hparams": {"target": -0.007267715409398079, "params": {"adam_learning_rate": 0.06026718993550663, "lstm_dropout": 0.1624074561769746, "lstm_units": 66.94277255530939}} }
{ "symbol": "ANTM.JK", "hparams": {"target": -0.0060148583725094795, "params": {"adam_learning_rate": 0.0018027114917351095, "lstm_dropout": 0.10370100897436095, "lstm_units": 135.1667856939453}} }
{ "symbol": "APD", "hparams": {"target": -0.00664516119286418, "params": {"adam_learning_rate": 0.06162339171999646, "lstm_dropout": 0.12460576456498802, "lstm_units": 127.17012556193782}} }
{ "symbol": "AON", "hparams": {"target": -0.004028077237308025, "params": {"adam_learning_rate": 0.0592581291545869, "lstm_dropout": 0.11057201580262058, "lstm_units": 73.2863540665854}} }
{ "symbol": "APTV", "hparams": {"target": -0.0074950880371034145, "params": {"adam_learning_rate": 0.01480989220455214, "lstm_dropout": 0.21685785941408728, "lstm_units": 114.06505289778694}} }
{ "symbol": "AVGO", "hparams": {"target": -0.0023468700237572193, "params": {"adam_learning_rate": 0.07109918520180851, "lstm_dropout": 0.10823379771832098, "lstm_units": 249.25980688428672}} }
{ "symbol": "ASND", "hparams": {"target": -0.00706800352782011, "params": {"adam_learning_rate": 0.027553531371166753, "lstm_dropout": 0.1331068862663091, "lstm_units": 92.09755091931433}} }
{ "symbol": "AXP", "hparams": {"target": -0.004641726613044739, "params": {"adam_learning_rate": 0.023125181667385003, "lstm_dropout": 0.16478570993675573, "lstm_units": 150.36936341915123}} }
{ "symbol": "BB", "hparams": {"target": -0.0012838835828006268, "params": {"adam_learning_rate": 0.03386005969997374, "lstm_dropout": 0.16853743354604736, "lstm_units": 101.46584008035485}} }
{ "symbol": "BA", "hparams": {"target": -0.009958685375750065, "params": {"adam_learning_rate": 0.05793556806581266, "lstm_dropout": 0.1138163433927104, "lstm_units": 64.97381389806395}} }
{ "symbol": "BAX", "hparams": {"target": -0.00516799371689558, "params": {"adam_learning_rate": 0.027552818476664413, "lstm_dropout": 0.2021150465619771, "lstm_units": 145.00346151426442}} }
{ "symbol": "AXON", "hparams": {"target": -0.0022571224253624678, "params": {"adam_learning_rate": 0.01915704647548995, "lstm_dropout": 0.2216968971838151, "lstm_units": 149.54544068562126}} }
{ "symbol": "BAC", "hparams": {"target": -0.008118655532598495, "params": {"adam_learning_rate": 0.09439307716267202, "lstm_dropout": 0.1139273487185871, "lstm_units": 54.069912829829235}} }
{ "symbol": "BFH", "hparams": {"target": -0.005456401966512203, "params": {"adam_learning_rate": 0.05925483353490266, "lstm_dropout": 0.23909141562305739, "lstm_units": 57.287987416223515}} }
{ "symbol": "BCRX", "hparams": {"target": -0.004121140576899052, "params": {"adam_learning_rate": 0.03429672467890881, "lstm_dropout": 0.12325099207447576, "lstm_units": 228.78719048556377}} }
{ "symbol": "BIDU", "hparams": {"target": -0.003552323440089822, "params": {"adam_learning_rate": 0.01915704647548995, "lstm_dropout": 0.2216968971838151, "lstm_units": 149.54544068562126}} }
{ "symbol": "BKNG", "hparams": {"target": -0.006791592109948397, "params": {"adam_learning_rate": 0.020031639511519563, "lstm_dropout": 0.10488037984091068, "lstm_units": 62.319954289697264}} }
{ "symbol": "BMY", "hparams": {"target": -0.006707705091685057, "params": {"adam_learning_rate": 0.009938101649468203, "lstm_dropout": 0.1178736298977266, "lstm_units": 62.74867081551609}} }
{ "symbol": "BRK-B", "hparams": {"target": -0.006927383132278919, "params": {"adam_learning_rate": 0.007298634428559332, "lstm_dropout": 0.21474479988002468, "lstm_units": 170.14994212786826}} }
{ "symbol": "BLK", "hparams": {"target": -0.00771626690402627, "params": {"adam_learning_rate": 0.03429672467890881, "lstm_dropout": 0.12325099207447576, "lstm_units": 228.78719048556377}} }
{ "symbol": "CB", "hparams": {"target": -0.003082641400396824, "params": {"adam_learning_rate": 0.007843024065274855, "lstm_dropout": 0.12056718963402875, "lstm_units": 56.20202267955233}} }
{ "symbol": "CAT", "hparams": {"target": -0.006377408746629953, "params": {"adam_learning_rate": 0.01691764928952722, "lstm_dropout": 0.25962096120520106, "lstm_units": 51.37938962388485}} }
{ "symbol": "CCI", "hparams": {"target": -0.005282598081976175, "params": {"adam_learning_rate": 0.02637448491353901, "lstm_dropout": 0.11885563977510678, "lstm_units": 113.81532925284529}} }
{ "symbol": "CI", "hparams": {"target": -0.0046430011279881, "params": {"adam_learning_rate": 0.018718651988797463, "lstm_dropout": 0.10675095634317576, "lstm_units": 67.79488724874174}} }
{ "symbol": "CL", "hparams": {"target": -0.005083030555397272, "params": {"adam_learning_rate": 0.03361945444571894, "lstm_dropout": 0.12920984427343707, "lstm_units": 66.96995775310492}} }
{ "symbol": "CLS", "hparams": {"target": -0.003024597652256489, "params": {"adam_learning_rate": 0.01598147591405097, "lstm_dropout": 0.15646182554349974, "lstm_units": 178.96084262237943}} }
{ "symbol": "CLDX", "hparams": {"target": -0.0038584009744226933, "params": {"adam_learning_rate": 0.043624548785659883, "lstm_dropout": 0.10575608528760179, "lstm_units": 67.41210503671991}} }
{ "symbol": "CMCSA", "hparams": {"target": -0.004537323489785194, "params": {"adam_learning_rate": 0.02329761152860673, "lstm_dropout": 0.140431731655848, "lstm_units": 248.04079147509088}} }
{ "symbol": "CLSK", "hparams": {"target": -0.004600405693054199, "params": {"adam_learning_rate": 0.027552818476664413, "lstm_dropout": 0.2021150465619771, "lstm_units": 145.00346151426442}} }
{ "symbol": "CNMD", "hparams": {"target": -0.004644223488867283, "params": {"adam_learning_rate": 0.007242677368110733, "lstm_dropout": 0.10490154645069638, "lstm_units": 73.34034153738446}} }
{ "symbol": "CNC", "hparams": {"target": -0.006014996208250523, "params": {"adam_learning_rate": 0.03654114030697914, "lstm_dropout": 0.1469171339260818, "lstm_units": 48.32249625196563}} }
{ "symbol": "CRSP", "hparams": {"target": -0.002936506411060691, "params": {"adam_learning_rate": 0.06026718993550663, "lstm_dropout": 0.1624074561769746, "lstm_units": 66.94277255530939}} }
{ "symbol": "CRM", "hparams": {"target": -0.00647729029878974, "params": {"adam_learning_rate": 0.017206506223933035, "lstm_dropout": 0.1087196292026727, "lstm_units": 169.1341838241857}} }
{ "symbol": "CSCO", "hparams": {"target": -0.009427014738321304, "params": {"adam_learning_rate": 0.0740350983532282, "lstm_dropout": 0.12202060912316166, "lstm_units": 91.5010016924998}} }
{ "symbol": "CSX", "hparams": {"target": -0.00792373064905405, "params": {"adam_learning_rate": 0.05326539904078157, "lstm_dropout": 0.14932149490831992, "lstm_units": 95.36712971137233}} }
{ "symbol": "CVX", "hparams": {"target": -0.005919269286096096, "params": {"adam_learning_rate": 0.08356140252275511, "lstm_dropout": 0.15496154936251796, "lstm_units": 48.00701220516955}} }
{ "symbol": "DHR", "hparams": {"target": -0.009945557452738285, "params": {"adam_learning_rate": 0.0398481287132066, "lstm_dropout": 0.12642277754027137, "lstm_units": 61.706398414447904}} }
{ "symbol": "DIS", "hparams": {"target": -0.00472175283357501, "params": {"adam_learning_rate": 0.019294106439528495, "lstm_dropout": 0.10451544556975417, "lstm_units": 72.77493439515332}} }
{ "symbol": "ECL", "hparams": {"target": -0.008608963340520859, "params": {"adam_learning_rate": 0.07820005722126824, "lstm_dropout": 0.13919818057121014, "lstm_units": 70.45667751542109}} }
{ "symbol": "EGAN", "hparams": {"target": -0.0062686302699148655, "params": {"adam_learning_rate": 0.002769758641717255, "lstm_dropout": 0.10556009137543088, "lstm_units": 72.56957101846285}} }
{ "symbol": "DUK", "hparams": {"target": -0.007532801479101181, "params": {"adam_learning_rate": 0.05033338220664187, "lstm_dropout": 0.10414735621878304, "lstm_units": 66.49908474614979}} }
{ "symbol": "EL", "hparams": {"target": -0.005577256437391043, "params": {"adam_learning_rate": 0.08113612940681654, "lstm_dropout": 0.13072008272748642, "lstm_units": 114.63680269363734}} }
{ "symbol": "ERIC", "hparams": {"target": -0.0044237286783754826, "params": {"adam_learning_rate": 0.025928106831788325, "lstm_dropout": 0.23827839740156778, "lstm_units": 72.67788856351935}} }
{ "symbol": "EMR", "hparams": {"target": -0.006820795591920614, "params": {"adam_learning_rate": 0.024282502616905944, "lstm_dropout": 0.14211840866436254, "lstm_units": 88.16222107753032}} }
{ "symbol": "EOG", "hparams": {"target": -0.006150584202259779, "params": {"adam_learning_rate": 0.06026718993550663, "lstm_dropout": 0.1624074561769746, "lstm_units": 66.94277255530939}} }
{ "symbol": "EURUSD=X", "hparams": {"target": -0.004981673322618008, "params": {"adam_learning_rate": 0.08341182143924175, "lstm_dropout": 0.18493564427131048, "lstm_units": 72.72879265439053}} }
{ "symbol": "EXAS", "hparams": {"target": -0.005149349570274353, "params": {"adam_learning_rate": 0.04054288746042055, "lstm_dropout": 0.12520793783383344, "lstm_units": 67.12380224536409}} }
{ "symbol": "FOLD", "hparams": {"target": -0.003891692729666829, "params": {"adam_learning_rate": 0.030211058716021515, "lstm_dropout": 0.11286238684949389, "lstm_units": 72.7382963157535}} }
{ "symbol": "EXEL", "hparams": {"target": -0.0039391713216900826, "params": {"adam_learning_rate": 0.06270342979813982, "lstm_dropout": 0.10793279196034229, "lstm_units": 70.12527745257387}} }
{ "symbol": "FXI", "hparams": {"target": -0.006014752201735973, "params": {"adam_learning_rate": 0.0789263001743152, "lstm_dropout": 0.11626950786560611, "lstm_units": 99.14582875950452}} }
{ "symbol": "FSLR", "hparams": {"target": -0.004857379477471113, "params": {"adam_learning_rate": 0.03429672467890881, "lstm_dropout": 0.12325099207447576, "lstm_units": 228.78719048556377}} }
{ "symbol": "GC=F", "hparams": {"target": -0.005702030844986439, "params": {"adam_learning_rate": 0.012095321001287691, "lstm_dropout": 0.12666413078678498, "lstm_units": 155.56239418304583}} }
{ "symbol": "GBPUSD=X", "hparams": {"target": -0.003735616570338607, "params": {"adam_learning_rate": 0.07435293477715896, "lstm_dropout": 0.11429820067854367, "lstm_units": 67.28643370687053}} }
{ "symbol": "GD", "hparams": {"target": -0.003595546120777726, "params": {"adam_learning_rate": 0.005936883553477194, "lstm_dropout": 0.10317311985120532, "lstm_units": 70.50757743443167}} }
{ "symbol": "FXP", "hparams": {"target": -0.0037922849878668785, "params": {"adam_learning_rate": 0.03975430801608581, "lstm_dropout": 0.11261504825223093, "lstm_units": 187.683519634021}} }
{ "symbol": "GILD", "hparams": {"target": -0.007372430991381407, "params": {"adam_learning_rate": 0.017349045283782578, "lstm_dropout": 0.15404725383567183, "lstm_units": 148.7315889058707}} }
{ "symbol": "GE", "hparams": {"target": -0.0042449734173715115, "params": {"adam_learning_rate": 0.07109918520180851, "lstm_dropout": 0.10823379771832098, "lstm_units": 249.25980688428672}} }
{ "symbol": "GLPG", "hparams": {"target": -0.0038841487839818, "params": {"adam_learning_rate": 0.01915704647548995, "lstm_dropout": 0.2216968971838151, "lstm_units": 149.54544068562126}} }
{ "symbol": "GOOGL", "hparams": {"target": -0.007065341342240572, "params": {"adam_learning_rate": 0.03606868426279784, "lstm_dropout": 0.12725415259532002, "lstm_units": 72.73593990551473}} }
{ "symbol": "GOOG", "hparams": {"target": -0.006843291688710451, "params": {"adam_learning_rate": 0.06026718993550663, "lstm_dropout": 0.1624074561769746, "lstm_units": 66.94277255530939}} }
{ "symbol": "GRPN", "hparams": {"target": -0.003287703962996602, "params": {"adam_learning_rate": 0.06026718993550663, "lstm_dropout": 0.1624074561769746, "lstm_units": 66.94277255530939}} }
{ "symbol": "HAE", "hparams": {"target": -0.002815598389133811, "params": {"adam_learning_rate": 0.023512304604230184, "lstm_dropout": 0.11358567421801435, "lstm_units": 148.66912834749667}} }
{ "symbol": "HD", "hparams": {"target": -0.006569698452949524, "params": {"adam_learning_rate": 0.0398503129657248, "lstm_dropout": 0.2287825646267435, "lstm_units": 149.1720071689861}} }
{ "symbol": "HIMX", "hparams": {"target": -0.004035921301692724, "params": {"adam_learning_rate": 0.023033191480162998, "lstm_dropout": 0.1302028566170339, "lstm_units": 134.17255941712963}} }
{ "symbol": "HON", "hparams": {"target": -0.009440317749977112, "params": {"adam_learning_rate": 0.06908114749586325, "lstm_dropout": 0.12874920480172825, "lstm_units": 37.18561399492816}} }
{ "symbol": "HRTX", "hparams": {"target": -0.002382964128628373, "params": {"adam_learning_rate": 0.010501045163213638, "lstm_dropout": 0.12827213823893904, "lstm_units": 93.11269137567146}} }
{ "symbol": "HUBS", "hparams": {"target": -0.005013914313167334, "params": {"adam_learning_rate": 0.09473497390577547, "lstm_dropout": 0.11507671879213809, "lstm_units": 97.89325646580336}} }
{ "symbol": "IART", "hparams": {"target": -0.005391892045736313, "params": {"adam_learning_rate": 0.09778431201645126, "lstm_dropout": 0.1312943322172102, "lstm_units": 37.022861526966636}} }
{ "symbol": "IBM", "hparams": {"target": -0.004946630913764238, "params": {"adam_learning_rate": 0.04855143649351783, "lstm_dropout": 0.1100879507636316, "lstm_units": 37.56931081330717}} }
{ "symbol": "IMAX", "hparams": {"target": -0.008032006211578846, "params": {"adam_learning_rate": 0.07089163799067838, "lstm_dropout": 0.11193505770184792, "lstm_units": 220.89561574290417}} }
{ "symbol": "INCY", "hparams": {"target": -0.006936362478882074, "params": {"adam_learning_rate": 0.06162339171999646, "lstm_dropout": 0.12460576456498802, "lstm_units": 127.17012556193782}} }
{ "symbol": "INTC", "hparams": {"target": -0.003923295997083187, "params": {"adam_learning_rate": 0.015944523953752992, "lstm_dropout": 0.13267405823464307, "lstm_units": 97.9886571032346}} }
{ "symbol": "INTU", "hparams": {"target": -0.006726546678692102, "params": {"adam_learning_rate": 0.038299458047754587, "lstm_dropout": 0.1471301391025592, "lstm_units": 89.46531102522299}} }
{ "symbol": "IONS", "hparams": {"target": -0.009002629667520523, "params": {"adam_learning_rate": 0.06162339171999646, "lstm_dropout": 0.12460576456498802, "lstm_units": 127.17012556193782}} }
{ "symbol": "IRTC", "hparams": {"target": -0.0017824050737544894, "params": {"adam_learning_rate": 0.05429544587748708, "lstm_dropout": 0.1321061238603853, "lstm_units": 114.72862758756126}} }
{ "symbol": "IRWD", "hparams": {"target": -0.003918786998838186, "params": {"adam_learning_rate": 0.018718651988797463, "lstm_dropout": 0.10675095634317576, "lstm_units": 67.79488724874174}} }
{ "symbol": "ISRG", "hparams": {"target": -0.007693295367062092, "params": {"adam_learning_rate": 0.0922559757391596, "lstm_dropout": 0.10499704914724238, "lstm_units": 37.08506651368792}} }
{ "symbol": "ITW", "hparams": {"target": -0.005898990202695131, "params": {"adam_learning_rate": 0.033988651185215234, "lstm_dropout": 0.10433006378622577, "lstm_units": 90.8771446734375}} }
{ "symbol": "JAZZ", "hparams": {"target": -0.00659161526709795, "params": {"adam_learning_rate": 0.04534885428737812, "lstm_dropout": 0.1121063531522978, "lstm_units": 66.8117583093893}} }
{ "symbol": "JPYUSD=X", "hparams": {"target": -0.005356049630790949, "params": {"adam_learning_rate": 0.09481002454372722, "lstm_dropout": 0.18895512260494987, "lstm_units": 74.36383011333257}} }
{ "symbol": "JD", "hparams": {"target": -0.00694040535017848, "params": {"adam_learning_rate": 0.015768296730971302, "lstm_dropout": 0.13053525016452686, "lstm_units": 101.03547697971756}} }
{ "symbol": "JNJ", "hparams": {"target": -0.009377037174999714, "params": {"adam_learning_rate": 0.06409034768348751, "lstm_dropout": 0.14262993199859705, "lstm_units": 66.77677725245744}} }
{ "symbol": "JPM", "hparams": {"target": -0.0030257843900471926, "params": {"adam_learning_rate": 0.03429672467890881, "lstm_dropout": 0.12325099207447576, "lstm_units": 228.78719048556377}} }
{ "symbol": "KO", "hparams": {"target": -0.004677371121942997, "params": {"adam_learning_rate": 0.04795860198827035, "lstm_dropout": 0.10781695765524467, "lstm_units": 32.04847287690038}} }
{ "symbol": "LDOS", "hparams": {"target": -0.0018956008134409785, "params": {"adam_learning_rate": 0.005976616266286697, "lstm_dropout": 0.1182445927114078, "lstm_units": 73.91849531706525}} }
{ "symbol": "LLY", "hparams": {"target": -0.00267629767768085, "params": {"adam_learning_rate": 0.002991724503400679, "lstm_dropout": 0.11571537964677209, "lstm_units": 80.87321251270258}} }
{ "symbol": "LIVN", "hparams": {"target": -0.0056593636982142925, "params": {"adam_learning_rate": 0.07887152359526475, "lstm_dropout": 0.1360561036463782, "lstm_units": 73.06160644393775}} }
{ "symbol": "LIN", "hparams": {"target": -0.0069501339457929134, "params": {"adam_learning_rate": 0.06302938478977753, "lstm_dropout": 0.13989352495225688, "lstm_units": 171.17187001413097}} }
{ "symbol": "LOW", "hparams": {"target": -0.008485762402415276, "params": {"adam_learning_rate": 0.021309602530749403, "lstm_dropout": 0.1558154324976321, "lstm_units": 113.8995566410984}} }
{ "symbol": "LMT", "hparams": {"target": -0.005054118577390909, "params": {"adam_learning_rate": 0.07109918520180851, "lstm_dropout": 0.10823379771832098, "lstm_units": 249.25980688428672}} }
{ "symbol": "LSCC", "hparams": {"target": -0.008574115112423897, "params": {"adam_learning_rate": 0.03429672467890881, "lstm_dropout": 0.12325099207447576, "lstm_units": 228.78719048556377}} }
{ "symbol": "LRCX", "hparams": {"target": -0.00401757238432765, "params": {"adam_learning_rate": 0.03429672467890881, "lstm_dropout": 0.12325099207447576, "lstm_units": 228.78719048556377}} }
{ "symbol": "MA", "hparams": {"target": -0.00812248419970274, "params": {"adam_learning_rate": 0.06026718993550663, "lstm_dropout": 0.1624074561769746, "lstm_units": 66.94277255530939}} }
{ "symbol": "MASI", "hparams": {"target": -0.0034449673257768154, "params": {"adam_learning_rate": 0.06026718993550663, "lstm_dropout": 0.1624074561769746, "lstm_units": 66.94277255530939}} }
{ "symbol": "MCD", "hparams": {"target": -0.0086026880890131, "params": {"adam_learning_rate": 0.06162339171999646, "lstm_dropout": 0.12460576456498802, "lstm_units": 127.17012556193782}} }
{ "symbol": "MDLZ", "hparams": {"target": -0.005767029244452715, "params": {"adam_learning_rate": 0.07596047052952386, "lstm_dropout": 0.11530670567779584, "lstm_units": 72.13591658028052}} }
{ "symbol": "MDB", "hparams": {"target": -0.008127087727189064, "params": {"adam_learning_rate": 0.06026718993550663, "lstm_dropout": 0.1624074561769746, "lstm_units": 66.94277255530939}} }
{ "symbol": "MDT", "hparams": {"target": -0.008723603561520576, "params": {"adam_learning_rate": 0.04795860198827035, "lstm_dropout": 0.10781695765524467, "lstm_units": 32.04847287690038}} }
{ "symbol": "MDRX", "hparams": {"target": -0.004707020241767168, "params": {"adam_learning_rate": 0.03429672467890881, "lstm_dropout": 0.12325099207447576, "lstm_units": 228.78719048556377}} }
